2019/08/12 14:58:58 INFO: 启动检测程序
2019/08/12 14:58:58 INFO: 开始检测
2019/08/12 14:59:01 INFO: Model initialized
2019/08/12 14:59:01 WARNING: OPC Client does not create
2019/08/12 14:59:01 INFO: Video streams create: houban, xiazhewan
2019/08/12 14:59:01 INFO: Enter detection main loop process
2019/08/12 14:59:14 WARNING: houban 工位 异常闯入
2019/08/12 14:59:14 INFO: houban 工位 异常图片已保存
2019/08/12 14:59:14 WARNING: houban 工位 异常闯入
2019/08/12 14:59:14 INFO: houban 工位 异常图片已保存
2019/08/12 14:59:14 WARNING: houban 工位 异常闯入
2019/08/12 14:59:14 INFO: houban 工位 异常图片已保存
2019/08/12 14:59:14 WARNING: houban 工位 异常闯入
2019/08/12 14:59:14 INFO: houban 工位 异常图片已保存
2019/08/12 14:59:14 WARNING: houban 工位 异常闯入
2019/08/12 14:59:14 INFO: houban 工位 异常图片已保存
2019/08/12 14:59:15 WARNING: houban 工位 异常闯入
2019/08/12 14:59:15 INFO: houban 工位 异常图片已保存
2019/08/12 14:59:15 WARNING: houban 工位 异常闯入
2019/08/12 14:59:15 INFO: houban 工位 异常图片已保存
2019/08/12 14:59:15 WARNING: houban 工位 异常闯入
2019/08/12 14:59:15 INFO: houban 工位 异常图片已保存
2019/08/12 14:59:15 WARNING: houban 工位 异常闯入
2019/08/12 14:59:15 INFO: houban 工位 异常图片已保存
2019/08/12 14:59:15 WARNING: houban 工位 异常闯入
2019/08/12 14:59:15 INFO: houban 工位 异常图片已保存
2019/08/12 14:59:15 WARNING: houban 工位 异常闯入
2019/08/12 14:59:15 INFO: houban 工位 异常图片已保存
2019/08/12 14:59:15 WARNING: houban 工位 异常闯入
2019/08/12 14:59:15 INFO: houban 工位 异常图片已保存
2019/08/12 14:59:16 WARNING: houban 工位 异常闯入
2019/08/12 14:59:16 INFO: houban 工位 异常图片已保存
2019/08/12 14:59:17 WARNING: houban 工位 异常闯入
2019/08/12 14:59:17 INFO: houban 工位 异常图片已保存
2019/08/12 14:59:17 WARNING: houban 工位 异常闯入
2019/08/12 14:59:17 INFO: houban 工位 异常图片已保存
2019/08/12 14:59:18 WARNING: houban 工位 异常闯入
2019/08/12 14:59:18 INFO: houban 工位 异常图片已保存
2019/08/12 14:59:18 WARNING: houban 工位 异常闯入
2019/08/12 14:59:18 INFO: houban 工位 异常图片已保存
2019/08/12 14:59:18 WARNING: houban 工位 异常闯入
2019/08/12 14:59:18 INFO: houban 工位 异常图片已保存
2019/08/12 14:59:18 WARNING: houban 工位 异常闯入
2019/08/12 14:59:18 INFO: houban 工位 异常图片已保存
2019/08/12 14:59:18 WARNING: houban 工位 异常闯入
2019/08/12 14:59:18 INFO: houban 工位 异常图片已保存
2019/08/12 14:59:18 WARNING: houban 工位 异常闯入
2019/08/12 14:59:18 INFO: houban 工位 异常图片已保存
2019/08/12 14:59:19 WARNING: houban 工位 异常闯入
2019/08/12 14:59:19 INFO: houban 工位 异常图片已保存
2019/08/12 14:59:19 WARNING: houban 工位 异常闯入
2019/08/12 14:59:19 INFO: houban 工位 异常图片已保存
2019/08/12 14:59:19 WARNING: houban 工位 异常闯入
2019/08/12 14:59:19 INFO: houban 工位 异常图片已保存
2019/08/12 14:59:19 WARNING: houban 工位 异常闯入
2019/08/12 14:59:19 INFO: houban 工位 异常图片已保存
